2025-11-04 01:24:34,916 MainProcess\__main__ INFO: Запуск скрипта
2025-11-04 01:24:34,917 MainProcess\__main__ INFO: Ищем {|verification_year|: |2024|, |org_title|: |АО ^АПЗ^|, |mi.mititle|: |Вольтметры универсальные цифровые|, |mi.mitnumber|: ||, |mi.mitype|: ||, |mi.modification|: ||,|verification_date|: |[2024-04-01T00:00:00Z TO 2024-05-01T23:59:59Z]|}
2025-11-04 01:24:34,917 MainProcess\__main__ INFO: Пишем в pidlogargs 187012 04-11-2025-01-24.log {|verification_year|: |2024|, |org_title|: |АО ^АПЗ^|, |mi.mititle|: |Вольтметры универсальные цифровые|, |mi.mitnumber|: ||, |mi.mitype|: ||, |mi.modification|: ||,|verification_date|: |[2024-04-01T00:00:00Z TO 2024-05-01T23:59:59Z]|}
2025-11-04 01:24:36,432 MainProcess\__main__ INFO: Главная страница ОК
2025-11-04 01:24:37,435 MainProcess\__main__ INFO: Общее кол-во результатов 37
2025-11-04 01:24:37,437 MainProcess\__main__ INFO: Обрабатываем карточку# 1
2025-11-04 01:24:37,437 MainProcess\__main__ INFO: Грузим страницу https://fgis.gost.ru/fundmetrology/cm/iaux/vri/1-335730090
2025-11-04 01:24:38,149 MainProcess\__main__ INFO: Инфо страница ОК
2025-11-04 01:24:38,152 MainProcess\__main__ INFO: Обрабатываем карточку# 2
2025-11-04 01:24:38,152 MainProcess\__main__ INFO: Грузим страницу https://fgis.gost.ru/fundmetrology/cm/iaux/vri/1-335730087
2025-11-04 01:24:38,831 MainProcess\__main__ INFO: Инфо страница ОК
2025-11-04 01:24:38,831 MainProcess\__main__ INFO: Обрабатываем карточку# 3
2025-11-04 01:24:38,831 MainProcess\__main__ INFO: Грузим страницу https://fgis.gost.ru/fundmetrology/cm/iaux/vri/1-335018722
2025-11-04 01:24:39,521 MainProcess\__main__ INFO: Инфо страница ОК
2025-11-04 01:24:39,521 MainProcess\__main__ INFO: Обрабатываем карточку# 4
2025-11-04 01:24:39,521 MainProcess\__main__ INFO: Грузим страницу https://fgis.gost.ru/fundmetrology/cm/iaux/vri/1-334543689
2025-11-04 01:24:41,339 MainProcess\__main__ INFO: Инфо страница ОК
2025-11-04 01:24:41,339 MainProcess\__main__ INFO: Обрабатываем карточку# 5
2025-11-04 01:24:41,339 MainProcess\__main__ INFO: Грузим страницу https://fgis.gost.ru/fundmetrology/cm/iaux/vri/1-334474319
2025-11-04 01:24:41,942 MainProcess\__main__ INFO: Инфо страница ОК
2025-11-04 01:24:41,942 MainProcess\__main__ INFO: Обрабатываем карточку# 6
2025-11-04 01:24:41,942 MainProcess\__main__ INFO: Грузим страницу https://fgis.gost.ru/fundmetrology/cm/iaux/vri/1-333893095
2025-11-04 01:24:42,879 MainProcess\__main__ INFO: Инфо страница ОК
2025-11-04 01:24:42,880 MainProcess\__main__ INFO: Обрабатываем карточку# 7
2025-11-04 01:24:42,880 MainProcess\__main__ INFO: Грузим страницу https://fgis.gost.ru/fundmetrology/cm/iaux/vri/1-333892921
2025-11-04 01:24:43,519 MainProcess\__main__ INFO: Инфо страница ОК
2025-11-04 01:24:43,520 MainProcess\__main__ INFO: Обрабатываем карточку# 8
2025-11-04 01:24:43,520 MainProcess\__main__ INFO: Грузим страницу https://fgis.gost.ru/fundmetrology/cm/iaux/vri/1-333944093
2025-11-04 01:24:44,087 MainProcess\__main__ INFO: Инфо страница ОК
2025-11-04 01:24:44,090 MainProcess\__main__ INFO: Обрабатываем карточку# 9
2025-11-04 01:24:44,090 MainProcess\__main__ INFO: Грузим страницу https://fgis.gost.ru/fundmetrology/cm/iaux/vri/1-333521545
2025-11-04 01:24:44,761 MainProcess\__main__ INFO: Инфо страница ОК
2025-11-04 01:24:44,761 MainProcess\__main__ INFO: Обрабатываем карточку# 10
2025-11-04 01:24:44,761 MainProcess\__main__ INFO: Грузим страницу https://fgis.gost.ru/fundmetrology/cm/iaux/vri/1-333523932
2025-11-04 01:24:45,391 MainProcess\__main__ INFO: Инфо страница ОК
2025-11-04 01:24:45,393 MainProcess\__main__ INFO: Обрабатываем карточку# 11
2025-11-04 01:24:45,395 MainProcess\__main__ INFO: Грузим страницу https://fgis.gost.ru/fundmetrology/cm/iaux/vri/1-333685662
2025-11-04 01:24:46,102 MainProcess\__main__ INFO: Инфо страница ОК
2025-11-04 01:24:46,102 MainProcess\__main__ INFO: Обрабатываем карточку# 12
2025-11-04 01:24:46,103 MainProcess\__main__ INFO: Грузим страницу https://fgis.gost.ru/fundmetrology/cm/iaux/vri/1-333390623
2025-11-04 01:24:46,831 MainProcess\__main__ INFO: Инфо страница ОК
2025-11-04 01:24:46,831 MainProcess\__main__ INFO: Обрабатываем карточку# 13
2025-11-04 01:24:46,831 MainProcess\__main__ INFO: Грузим страницу https://fgis.gost.ru/fundmetrology/cm/iaux/vri/1-333199699
2025-11-04 01:24:48,630 MainProcess\__main__ INFO: Инфо страница ОК
2025-11-04 01:24:48,630 MainProcess\__main__ INFO: Обрабатываем карточку# 14
2025-11-04 01:24:48,630 MainProcess\__main__ INFO: Грузим страницу https://fgis.gost.ru/fundmetrology/cm/iaux/vri/1-333174944
2025-11-04 01:24:49,337 MainProcess\__main__ INFO: Инфо страница ОК
2025-11-04 01:24:49,338 MainProcess\__main__ INFO: Обрабатываем карточку# 15
2025-11-04 01:24:49,348 MainProcess\__main__ INFO: Грузим страницу https://fgis.gost.ru/fundmetrology/cm/iaux/vri/1-332963409
2025-11-04 01:24:50,018 MainProcess\__main__ INFO: Инфо страница ОК
2025-11-04 01:24:50,018 MainProcess\__main__ INFO: Обрабатываем карточку# 16
2025-11-04 01:24:50,018 MainProcess\__main__ INFO: Грузим страницу https://fgis.gost.ru/fundmetrology/cm/iaux/vri/1-332943532
2025-11-04 01:24:50,600 MainProcess\__main__ INFO: Инфо страница ОК
2025-11-04 01:24:50,602 MainProcess\__main__ INFO: Обрабатываем карточку# 17
2025-11-04 01:24:50,602 MainProcess\__main__ INFO: Грузим страницу https://fgis.gost.ru/fundmetrology/cm/iaux/vri/1-332943930
2025-11-04 01:24:51,477 MainProcess\__main__ INFO: Инфо страница ОК
2025-11-04 01:24:51,477 MainProcess\__main__ INFO: Обрабатываем карточку# 18
2025-11-04 01:24:51,477 MainProcess\__main__ INFO: Грузим страницу https://fgis.gost.ru/fundmetrology/cm/iaux/vri/1-332815355
2025-11-04 01:24:52,613 MainProcess\__main__ INFO: Инфо страница ОК
2025-11-04 01:24:52,613 MainProcess\__main__ INFO: Обрабатываем карточку# 19
2025-11-04 01:24:52,613 MainProcess\__main__ INFO: Грузим страницу https://fgis.gost.ru/fundmetrology/cm/iaux/vri/1-332815450
2025-11-04 01:24:53,210 MainProcess\__main__ INFO: Инфо страница ОК
2025-11-04 01:24:53,210 MainProcess\__main__ INFO: Обрабатываем карточку# 20
2025-11-04 01:24:53,210 MainProcess\__main__ INFO: Грузим страницу https://fgis.gost.ru/fundmetrology/cm/iaux/vri/1-331865817
2025-11-04 01:24:53,882 MainProcess\__main__ INFO: Инфо страница ОК
2025-11-04 01:24:53,882 MainProcess\__main__ INFO: Обрабатываем карточку# 21
2025-11-04 01:24:53,882 MainProcess\__main__ INFO: Грузим страницу https://fgis.gost.ru/fundmetrology/cm/iaux/vri/1-331864760
2025-11-04 01:24:54,558 MainProcess\__main__ INFO: Инфо страница ОК
2025-11-04 01:24:54,558 MainProcess\__main__ INFO: Обрабатываем карточку# 22
2025-11-04 01:24:54,558 MainProcess\__main__ INFO: Грузим страницу https://fgis.gost.ru/fundmetrology/cm/iaux/vri/1-331500472
2025-11-04 01:24:55,261 MainProcess\__main__ INFO: Инфо страница ОК
2025-11-04 01:24:55,261 MainProcess\__main__ INFO: Обрабатываем карточку# 23
2025-11-04 01:24:55,261 MainProcess\__main__ INFO: Грузим страницу https://fgis.gost.ru/fundmetrology/cm/iaux/vri/1-331142930
2025-11-04 01:24:55,981 MainProcess\__main__ INFO: Инфо страница ОК
2025-11-04 01:24:55,983 MainProcess\__main__ INFO: Обрабатываем карточку# 24
2025-11-04 01:24:55,987 MainProcess\__main__ INFO: Грузим страницу https://fgis.gost.ru/fundmetrology/cm/iaux/vri/1-331142885
2025-11-04 01:24:56,656 MainProcess\__main__ INFO: Инфо страница ОК
2025-11-04 01:24:56,657 MainProcess\__main__ INFO: Обрабатываем карточку# 25
2025-11-04 01:24:56,657 MainProcess\__main__ INFO: Грузим страницу https://fgis.gost.ru/fundmetrology/cm/iaux/vri/1-330893363
2025-11-04 01:24:57,262 MainProcess\__main__ INFO: Инфо страница ОК
2025-11-04 01:24:57,262 MainProcess\__main__ INFO: Обрабатываем карточку# 26
2025-11-04 01:24:57,262 MainProcess\__main__ INFO: Грузим страницу https://fgis.gost.ru/fundmetrology/cm/iaux/vri/1-331009667
2025-11-04 01:24:58,233 MainProcess\__main__ INFO: Инфо страница ОК
2025-11-04 01:24:58,233 MainProcess\__main__ INFO: Обрабатываем карточку# 27
2025-11-04 01:24:58,233 MainProcess\__main__ INFO: Грузим страницу https://fgis.gost.ru/fundmetrology/cm/iaux/vri/1-331002182
2025-11-04 01:24:58,873 MainProcess\__main__ INFO: Инфо страница ОК
2025-11-04 01:24:58,874 MainProcess\__main__ INFO: Обрабатываем карточку# 28
2025-11-04 01:24:58,874 MainProcess\__main__ INFO: Грузим страницу https://fgis.gost.ru/fundmetrology/cm/iaux/vri/1-330643175
2025-11-04 01:24:59,515 MainProcess\__main__ INFO: Инфо страница ОК
2025-11-04 01:24:59,516 MainProcess\__main__ INFO: Обрабатываем карточку# 29
2025-11-04 01:24:59,516 MainProcess\__main__ INFO: Грузим страницу https://fgis.gost.ru/fundmetrology/cm/iaux/vri/1-330470568
2025-11-04 01:25:00,116 MainProcess\__main__ INFO: Инфо страница ОК
2025-11-04 01:25:00,116 MainProcess\__main__ INFO: Обрабатываем карточку# 30
2025-11-04 01:25:00,116 MainProcess\__main__ INFO: Грузим страницу https://fgis.gost.ru/fundmetrology/cm/iaux/vri/1-330358264
2025-11-04 01:25:00,957 MainProcess\__main__ INFO: Инфо страница ОК
2025-11-04 01:25:00,959 MainProcess\__main__ INFO: Обрабатываем карточку# 31
2025-11-04 01:25:00,969 MainProcess\__main__ INFO: Грузим страницу https://fgis.gost.ru/fundmetrology/cm/iaux/vri/1-330358781
2025-11-04 01:25:01,624 MainProcess\__main__ INFO: Инфо страница ОК
2025-11-04 01:25:01,624 MainProcess\__main__ INFO: Обрабатываем карточку# 32
2025-11-04 01:25:01,625 MainProcess\__main__ INFO: Грузим страницу https://fgis.gost.ru/fundmetrology/cm/iaux/vri/1-330063598
2025-11-04 01:25:02,435 MainProcess\__main__ INFO: Инфо страница ОК
2025-11-04 01:25:02,436 MainProcess\__main__ INFO: Обрабатываем карточку# 33
2025-11-04 01:25:02,436 MainProcess\__main__ INFO: Грузим страницу https://fgis.gost.ru/fundmetrology/cm/iaux/vri/1-329937383
2025-11-04 01:25:03,126 MainProcess\__main__ INFO: Инфо страница ОК
2025-11-04 01:25:03,127 MainProcess\__main__ INFO: Обрабатываем карточку# 34
2025-11-04 01:25:03,127 MainProcess\__main__ INFO: Грузим страницу https://fgis.gost.ru/fundmetrology/cm/iaux/vri/1-329937727
2025-11-04 01:25:04,472 MainProcess\__main__ INFO: Инфо страница ОК
2025-11-04 01:25:04,472 MainProcess\__main__ INFO: Обрабатываем карточку# 35
2025-11-04 01:25:04,472 MainProcess\__main__ INFO: Грузим страницу https://fgis.gost.ru/fundmetrology/cm/iaux/vri/1-329939939
2025-11-04 01:25:05,251 MainProcess\__main__ INFO: Инфо страница ОК
2025-11-04 01:25:05,251 MainProcess\__main__ INFO: Обрабатываем карточку# 36
2025-11-04 01:25:05,251 MainProcess\__main__ INFO: Грузим страницу https://fgis.gost.ru/fundmetrology/cm/iaux/vri/1-329938155
2025-11-04 01:25:06,039 MainProcess\__main__ INFO: Инфо страница ОК
2025-11-04 01:25:06,039 MainProcess\__main__ INFO: Обрабатываем карточку# 37
2025-11-04 01:25:06,039 MainProcess\__main__ INFO: Грузим страницу https://fgis.gost.ru/fundmetrology/cm/iaux/vri/1-329399981
2025-11-04 01:25:07,163 MainProcess\__main__ INFO: Инфо страница ОК
2025-11-04 01:25:07,262 MainProcess\__main__ INFO: Записали в файл <a href = "/results/2024_Вольтметры универсальные цифровые_АО ^АПЗ^__04-11-2025-01-25.xlsx">2024_Вольтметры универсальные цифровые_АО ^АПЗ^__04-11-2025-01-25.xlsx</a>
