2025-11-03 23:50:48,465 MainProcess\__main__ INFO: Запуск скрипта
2025-11-03 23:50:48,465 MainProcess\__main__ INFO: Ищем {|verification_year|: |2024|, |org_title|: ||, |mi.mititle|: |Преобразователи температуры|, |mi.mitnumber|: ||, |mi.mitype|: ||, |mi.modification|: ||,|verification_date|: ||}
2025-11-03 23:50:48,465 MainProcess\__main__ INFO: Пишем в pidlogargs 17901 03-11-2025-23-50.log {|verification_year|: |2024|, |org_title|: ||, |mi.mititle|: |Преобразователи температуры|, |mi.mitnumber|: ||, |mi.mitype|: ||, |mi.modification|: ||,|verification_date|: ||}
2025-11-03 23:50:52,006 MainProcess\__main__ INFO: Главная страница ОК
2025-11-03 23:50:53,013 MainProcess\__main__ INFO: Общее кол-во результатов 60577
2025-11-03 23:50:53,021 MainProcess\__main__ INFO: грузим страницу# 2
2025-11-03 23:50:56,034 MainProcess\__main__ INFO: Главная страница ОК
2025-11-03 23:50:56,049 MainProcess\__main__ INFO: грузим страницу# 3
2025-11-03 23:50:59,367 MainProcess\__main__ INFO: Главная страница ОК
2025-11-03 23:50:59,381 MainProcess\__main__ INFO: грузим страницу# 4
2025-11-03 23:51:02,490 MainProcess\__main__ INFO: Главная страница ОК
2025-11-03 23:51:02,499 MainProcess\__main__ INFO: грузим страницу# 5
2025-11-03 23:51:05,188 MainProcess\__main__ INFO: Главная страница ОК
2025-11-03 23:51:05,193 MainProcess\__main__ INFO: грузим страницу# 6
2025-11-03 23:51:08,406 MainProcess\__main__ INFO: Главная страница ОК
2025-11-03 23:51:08,412 MainProcess\__main__ INFO: грузим страницу# 7
2025-11-03 23:51:12,013 MainProcess\__main__ INFO: Главная страница ОК
2025-11-03 23:51:12,018 MainProcess\__main__ INFO: Обрабатываем карточку# 1
2025-11-03 23:51:12,018 MainProcess\__main__ INFO: Грузим страницу https://fgis.gost.ru/fundmetrology/cm/iaux/vri/1-401610310
2025-11-03 23:51:12,826 MainProcess\__main__ INFO: Инфо страница ОК
2025-11-03 23:51:12,834 MainProcess\__main__ INFO: Обрабатываем карточку# 2
2025-11-03 23:51:12,834 MainProcess\__main__ INFO: Грузим страницу https://fgis.gost.ru/fundmetrology/cm/iaux/vri/1-401610311
2025-11-03 23:51:13,618 MainProcess\__main__ INFO: Инфо страница ОК
2025-11-03 23:51:13,618 MainProcess\__main__ INFO: Обрабатываем карточку# 3
2025-11-03 23:51:13,618 MainProcess\__main__ INFO: Грузим страницу https://fgis.gost.ru/fundmetrology/cm/iaux/vri/1-401610312
2025-11-03 23:51:14,595 MainProcess\__main__ INFO: Инфо страница ОК
2025-11-03 23:51:14,595 MainProcess\__main__ INFO: Обрабатываем карточку# 4
2025-11-03 23:51:14,595 MainProcess\__main__ INFO: Грузим страницу https://fgis.gost.ru/fundmetrology/cm/iaux/vri/1-401610309
2025-11-03 23:51:15,375 MainProcess\__main__ INFO: Инфо страница ОК
2025-11-03 23:51:15,375 MainProcess\__main__ INFO: Обрабатываем карточку# 5
2025-11-03 23:51:15,375 MainProcess\__main__ INFO: Грузим страницу https://fgis.gost.ru/fundmetrology/cm/iaux/vri/1-401610301
2025-11-03 23:51:16,137 MainProcess\__main__ INFO: Инфо страница ОК
2025-11-03 23:51:16,137 MainProcess\__main__ INFO: Обрабатываем карточку# 6
2025-11-03 23:51:16,137 MainProcess\__main__ INFO: Грузим страницу https://fgis.gost.ru/fundmetrology/cm/iaux/vri/1-401610302
2025-11-03 23:51:16,873 MainProcess\__main__ INFO: Инфо страница ОК
2025-11-03 23:51:16,874 MainProcess\__main__ INFO: Обрабатываем карточку# 7
2025-11-03 23:51:16,874 MainProcess\__main__ INFO: Грузим страницу https://fgis.gost.ru/fundmetrology/cm/iaux/vri/1-401610303
2025-11-03 23:51:18,812 MainProcess\__main__ INFO: Инфо страница ОК
2025-11-03 23:51:18,812 MainProcess\__main__ INFO: Обрабатываем карточку# 8
2025-11-03 23:51:18,814 MainProcess\__main__ INFO: Грузим страницу https://fgis.gost.ru/fundmetrology/cm/iaux/vri/1-401610305
2025-11-03 23:51:19,565 MainProcess\__main__ INFO: Инфо страница ОК
2025-11-03 23:51:19,565 MainProcess\__main__ INFO: Обрабатываем карточку# 9
2025-11-03 23:51:19,565 MainProcess\__main__ INFO: Грузим страницу https://fgis.gost.ru/fundmetrology/cm/iaux/vri/1-400059968
2025-11-03 23:51:20,245 MainProcess\__main__ INFO: Инфо страница ОК
2025-11-03 23:51:20,250 MainProcess\__main__ INFO: Обрабатываем карточку# 10
2025-11-03 23:51:20,250 MainProcess\__main__ INFO: Грузим страницу https://fgis.gost.ru/fundmetrology/cm/iaux/vri/1-400059970
2025-11-03 23:51:20,998 MainProcess\__main__ INFO: Инфо страница ОК
2025-11-03 23:51:20,999 MainProcess\__main__ INFO: Обрабатываем карточку# 11
2025-11-03 23:51:20,999 MainProcess\__main__ INFO: Грузим страницу https://fgis.gost.ru/fundmetrology/cm/iaux/vri/1-400059969
2025-11-03 23:51:21,625 MainProcess\__main__ INFO: Инфо страница ОК
2025-11-03 23:51:21,626 MainProcess\__main__ INFO: Обрабатываем карточку# 12
2025-11-03 23:51:21,626 MainProcess\__main__ INFO: Грузим страницу https://fgis.gost.ru/fundmetrology/cm/iaux/vri/1-400059984
2025-11-03 23:51:22,330 MainProcess\__main__ INFO: Инфо страница ОК
2025-11-03 23:51:22,331 MainProcess\__main__ INFO: Обрабатываем карточку# 13
2025-11-03 23:51:22,331 MainProcess\__main__ INFO: Грузим страницу https://fgis.gost.ru/fundmetrology/cm/iaux/vri/1-400059983
2025-11-03 23:51:23,104 MainProcess\__main__ INFO: Инфо страница ОК
2025-11-03 23:51:23,104 MainProcess\__main__ INFO: Обрабатываем карточку# 14
2025-11-03 23:51:23,104 MainProcess\__main__ INFO: Грузим страницу https://fgis.gost.ru/fundmetrology/cm/iaux/vri/1-400059982
2025-11-03 23:51:23,841 MainProcess\__main__ INFO: Инфо страница ОК
2025-11-03 23:51:23,841 MainProcess\__main__ INFO: Обрабатываем карточку# 15
2025-11-03 23:51:23,841 MainProcess\__main__ INFO: Грузим страницу https://fgis.gost.ru/fundmetrology/cm/iaux/vri/1-400065246
2025-11-03 23:51:25,610 MainProcess\__main__ INFO: Инфо страница ОК
2025-11-03 23:51:25,610 MainProcess\__main__ INFO: Обрабатываем карточку# 16
2025-11-03 23:51:25,610 MainProcess\__main__ INFO: Грузим страницу https://fgis.gost.ru/fundmetrology/cm/iaux/vri/1-400065248
2025-11-03 23:51:26,413 MainProcess\__main__ INFO: Инфо страница ОК
2025-11-03 23:51:26,413 MainProcess\__main__ INFO: Обрабатываем карточку# 17
2025-11-03 23:51:26,413 MainProcess\__main__ INFO: Грузим страницу https://fgis.gost.ru/fundmetrology/cm/iaux/vri/1-400065247
2025-11-03 23:51:27,377 MainProcess\__main__ INFO: Инфо страница ОК
2025-11-03 23:51:27,377 MainProcess\__main__ INFO: Обрабатываем карточку# 18
2025-11-03 23:51:27,378 MainProcess\__main__ INFO: Грузим страницу https://fgis.gost.ru/fundmetrology/cm/iaux/vri/1-400052448
2025-11-03 23:51:28,410 MainProcess\__main__ INFO: Инфо страница ОК
2025-11-03 23:51:28,410 MainProcess\__main__ INFO: Обрабатываем карточку# 19
2025-11-03 23:51:28,410 MainProcess\__main__ INFO: Грузим страницу https://fgis.gost.ru/fundmetrology/cm/iaux/vri/1-400132074
2025-11-03 23:51:29,224 MainProcess\__main__ INFO: Инфо страница ОК
2025-11-03 23:51:29,224 MainProcess\__main__ INFO: Обрабатываем карточку# 20
2025-11-03 23:51:29,224 MainProcess\__main__ INFO: Грузим страницу https://fgis.gost.ru/fundmetrology/cm/iaux/vri/1-400230547
2025-11-03 23:51:29,962 MainProcess\__main__ INFO: Инфо страница ОК
2025-11-03 23:51:29,966 MainProcess\__main__ INFO: Обрабатываем карточку# 21
2025-11-03 23:51:29,966 MainProcess\__main__ INFO: Грузим страницу https://fgis.gost.ru/fundmetrology/cm/iaux/vri/1-401610314
2025-11-03 23:51:30,589 MainProcess\__main__ INFO: Инфо страница ОК
2025-11-03 23:51:30,589 MainProcess\__main__ INFO: Обрабатываем карточку# 22
2025-11-03 23:51:30,589 MainProcess\__main__ INFO: Грузим страницу https://fgis.gost.ru/fundmetrology/cm/iaux/vri/1-401610315
2025-11-03 23:51:31,437 MainProcess\__main__ INFO: Инфо страница ОК
2025-11-03 23:51:31,437 MainProcess\__main__ INFO: Обрабатываем карточку# 23
2025-11-03 23:51:31,437 MainProcess\__main__ INFO: Грузим страницу https://fgis.gost.ru/fundmetrology/cm/iaux/vri/1-401610316
2025-11-03 23:51:32,172 MainProcess\__main__ INFO: Инфо страница ОК
2025-11-03 23:51:32,172 MainProcess\__main__ INFO: Обрабатываем карточку# 24
2025-11-03 23:51:32,172 MainProcess\__main__ INFO: Грузим страницу https://fgis.gost.ru/fundmetrology/cm/iaux/vri/1-401610317
2025-11-03 23:51:32,849 MainProcess\__main__ INFO: Инфо страница ОК
2025-11-03 23:51:32,849 MainProcess\__main__ INFO: Обрабатываем карточку# 25
2025-11-03 23:51:32,849 MainProcess\__main__ INFO: Грузим страницу https://fgis.gost.ru/fundmetrology/cm/iaux/vri/1-401610319
2025-11-03 23:51:33,804 MainProcess\__main__ INFO: Инфо страница ОК
2025-11-03 23:51:33,804 MainProcess\__main__ INFO: Обрабатываем карточку# 26
2025-11-03 23:51:33,804 MainProcess\__main__ INFO: Грузим страницу https://fgis.gost.ru/fundmetrology/cm/iaux/vri/1-401610321
2025-11-03 23:51:34,508 MainProcess\__main__ INFO: Инфо страница ОК
2025-11-03 23:51:34,508 MainProcess\__main__ INFO: Обрабатываем карточку# 27
2025-11-03 23:51:34,508 MainProcess\__main__ INFO: Грузим страницу https://fgis.gost.ru/fundmetrology/cm/iaux/vri/1-401610322
2025-11-03 23:51:35,501 MainProcess\__main__ INFO: Инфо страница ОК
2025-11-03 23:51:35,501 MainProcess\__main__ INFO: Обрабатываем карточку# 28
2025-11-03 23:51:35,501 MainProcess\__main__ INFO: Грузим страницу https://fgis.gost.ru/fundmetrology/cm/iaux/vri/1-401610323
2025-11-03 23:51:36,197 MainProcess\__main__ INFO: Инфо страница ОК
2025-11-03 23:51:36,202 MainProcess\__main__ INFO: Обрабатываем карточку# 29
2025-11-03 23:51:36,202 MainProcess\__main__ INFO: Грузим страницу https://fgis.gost.ru/fundmetrology/cm/iaux/vri/1-401610324
2025-11-03 23:51:37,083 MainProcess\__main__ INFO: Инфо страница ОК
2025-11-03 23:51:37,083 MainProcess\__main__ INFO: Обрабатываем карточку# 30
2025-11-03 23:51:37,083 MainProcess\__main__ INFO: Грузим страницу https://fgis.gost.ru/fundmetrology/cm/iaux/vri/1-401610326
2025-11-03 23:51:37,840 MainProcess\__main__ INFO: Инфо страница ОК
2025-11-03 23:51:37,840 MainProcess\__main__ INFO: Обрабатываем карточку# 31
2025-11-03 23:51:37,840 MainProcess\__main__ INFO: Грузим страницу https://fgis.gost.ru/fundmetrology/cm/iaux/vri/1-400900335
2025-11-03 23:51:39,263 MainProcess\__main__ INFO: Инфо страница ОК
2025-11-03 23:51:39,263 MainProcess\__main__ INFO: Обрабатываем карточку# 32
2025-11-03 23:51:39,263 MainProcess\__main__ INFO: Грузим страницу https://fgis.gost.ru/fundmetrology/cm/iaux/vri/1-400900333
2025-11-03 23:51:41,538 MainProcess\__main__ INFO: Инфо страница ОК
2025-11-03 23:51:41,538 MainProcess\__main__ INFO: Обрабатываем карточку# 33
2025-11-03 23:51:41,538 MainProcess\__main__ INFO: Грузим страницу https://fgis.gost.ru/fundmetrology/cm/iaux/vri/1-400900334
2025-11-03 23:51:42,165 MainProcess\__main__ INFO: Инфо страница ОК
2025-11-03 23:51:42,167 MainProcess\__main__ INFO: Обрабатываем карточку# 34
2025-11-03 23:51:42,167 MainProcess\__main__ INFO: Грузим страницу https://fgis.gost.ru/fundmetrology/cm/iaux/vri/1-401610340
2025-11-03 23:51:42,754 MainProcess\__main__ INFO: Инфо страница ОК
2025-11-03 23:51:42,754 MainProcess\__main__ INFO: Обрабатываем карточку# 35
2025-11-03 23:51:42,754 MainProcess\__main__ INFO: Грузим страницу https://fgis.gost.ru/fundmetrology/cm/iaux/vri/1-401610330
2025-11-03 23:51:43,806 MainProcess\__main__ INFO: Инфо страница ОК
2025-11-03 23:51:43,807 MainProcess\__main__ INFO: Обрабатываем карточку# 36
2025-11-03 23:51:43,807 MainProcess\__main__ INFO: Грузим страницу https://fgis.gost.ru/fundmetrology/cm/iaux/vri/1-401610332
2025-11-03 23:51:44,583 MainProcess\__main__ INFO: Инфо страница ОК
2025-11-03 23:51:44,583 MainProcess\__main__ INFO: Обрабатываем карточку# 37
2025-11-03 23:51:44,583 MainProcess\__main__ INFO: Грузим страницу https://fgis.gost.ru/fundmetrology/cm/iaux/vri/1-401610333
2025-11-03 23:51:45,346 MainProcess\__main__ INFO: Инфо страница ОК
2025-11-03 23:51:45,347 MainProcess\__main__ INFO: Обрабатываем карточку# 38
2025-11-03 23:51:45,347 MainProcess\__main__ INFO: Грузим страницу https://fgis.gost.ru/fundmetrology/cm/iaux/vri/1-401610334
2025-11-03 23:51:46,049 MainProcess\__main__ INFO: Инфо страница ОК
2025-11-03 23:51:46,050 MainProcess\__main__ INFO: Обрабатываем карточку# 39
2025-11-03 23:51:46,050 MainProcess\__main__ INFO: Грузим страницу https://fgis.gost.ru/fundmetrology/cm/iaux/vri/1-401610335
2025-11-03 23:51:46,822 MainProcess\__main__ INFO: Инфо страница ОК
2025-11-03 23:51:46,822 MainProcess\__main__ INFO: Обрабатываем карточку# 40
2025-11-03 23:51:46,822 MainProcess\__main__ INFO: Грузим страницу https://fgis.gost.ru/fundmetrology/cm/iaux/vri/1-401610337
2025-11-03 23:51:47,364 MainProcess\__main__ INFO: Инфо страница ОК
2025-11-03 23:51:47,365 MainProcess\__main__ INFO: Обрабатываем карточку# 41
2025-11-03 23:51:47,365 MainProcess\__main__ INFO: Грузим страницу https://fgis.gost.ru/fundmetrology/cm/iaux/vri/1-401610339
2025-11-03 23:51:48,080 MainProcess\__main__ INFO: Инфо страница ОК
2025-11-03 23:51:48,081 MainProcess\__main__ INFO: Обрабатываем карточку# 42
2025-11-03 23:51:48,081 MainProcess\__main__ INFO: Грузим страницу https://fgis.gost.ru/fundmetrology/cm/iaux/vri/1-401610327
2025-11-03 23:51:48,721 MainProcess\__main__ INFO: Инфо страница ОК
2025-11-03 23:51:48,722 MainProcess\__main__ INFO: Обрабатываем карточку# 43
2025-11-03 23:51:48,722 MainProcess\__main__ INFO: Грузим страницу https://fgis.gost.ru/fundmetrology/cm/iaux/vri/1-401610329
2025-11-03 23:51:49,485 MainProcess\__main__ INFO: Инфо страница ОК
2025-11-03 23:51:49,486 MainProcess\__main__ INFO: Обрабатываем карточку# 44
2025-11-03 23:51:49,486 MainProcess\__main__ INFO: Грузим страницу https://fgis.gost.ru/fundmetrology/cm/iaux/vri/1-403399135
2025-11-03 23:51:50,526 MainProcess\__main__ INFO: Инфо страница ОК
2025-11-03 23:51:50,529 MainProcess\__main__ INFO: Обрабатываем карточку# 45
2025-11-03 23:51:50,529 MainProcess\__main__ INFO: Грузим страницу https://fgis.gost.ru/fundmetrology/cm/iaux/vri/1-407616800
2025-11-03 23:51:51,167 MainProcess\__main__ INFO: Инфо страница ОК
2025-11-03 23:51:51,168 MainProcess\__main__ INFO: Обрабатываем карточку# 46
2025-11-03 23:51:51,168 MainProcess\__main__ INFO: Грузим страницу https://fgis.gost.ru/fundmetrology/cm/iaux/vri/1-407616798
2025-11-03 23:51:51,898 MainProcess\__main__ INFO: Инфо страница ОК
2025-11-03 23:51:51,898 MainProcess\__main__ INFO: Обрабатываем карточку# 47
2025-11-03 23:51:51,898 MainProcess\__main__ INFO: Грузим страницу https://fgis.gost.ru/fundmetrology/cm/iaux/vri/1-407616799
2025-11-03 23:51:52,588 MainProcess\__main__ INFO: Инфо страница ОК
2025-11-03 23:51:52,589 MainProcess\__main__ INFO: Обрабатываем карточку# 48
2025-11-03 23:51:52,589 MainProcess\__main__ INFO: Грузим страницу https://fgis.gost.ru/fundmetrology/cm/iaux/vri/1-399860833
2025-11-03 23:51:53,405 MainProcess\__main__ INFO: Инфо страница ОК
2025-11-03 23:51:53,407 MainProcess\__main__ INFO: Обрабатываем карточку# 49
2025-11-03 23:51:53,407 MainProcess\__main__ INFO: Грузим страницу https://fgis.gost.ru/fundmetrology/cm/iaux/vri/1-400398892
2025-11-03 23:51:55,135 MainProcess\__main__ INFO: Инфо страница ОК
2025-11-03 23:51:55,136 MainProcess\__main__ INFO: Обрабатываем карточку# 50
2025-11-03 23:51:55,136 MainProcess\__main__ INFO: Грузим страницу https://fgis.gost.ru/fundmetrology/cm/iaux/vri/1-400398896
2025-11-03 23:51:55,826 MainProcess\__main__ INFO: Инфо страница ОК
2025-11-03 23:51:55,827 MainProcess\__main__ INFO: Обрабатываем карточку# 51
2025-11-03 23:51:55,827 MainProcess\__main__ INFO: Грузим страницу https://fgis.gost.ru/fundmetrology/cm/iaux/vri/1-400398894
2025-11-03 23:51:56,649 MainProcess\__main__ INFO: Инфо страница ОК
2025-11-03 23:51:56,650 MainProcess\__main__ INFO: Обрабатываем карточку# 52
2025-11-03 23:51:56,651 MainProcess\__main__ INFO: Грузим страницу https://fgis.gost.ru/fundmetrology/cm/iaux/vri/1-400398893
2025-11-03 23:51:57,426 MainProcess\__main__ INFO: Инфо страница ОК
2025-11-03 23:51:57,429 MainProcess\__main__ INFO: Обрабатываем карточку# 53
2025-11-03 23:51:57,429 MainProcess\__main__ INFO: Грузим страницу https://fgis.gost.ru/fundmetrology/cm/iaux/vri/1-400398899
2025-11-03 23:51:58,259 MainProcess\__main__ INFO: Инфо страница ОК
2025-11-03 23:51:58,271 MainProcess\__main__ INFO: Обрабатываем карточку# 54
2025-11-03 23:51:58,271 MainProcess\__main__ INFO: Грузим страницу https://fgis.gost.ru/fundmetrology/cm/iaux/vri/1-400398898
2025-11-03 23:51:59,117 MainProcess\__main__ INFO: Инфо страница ОК
2025-11-03 23:51:59,118 MainProcess\__main__ INFO: Обрабатываем карточку# 55
2025-11-03 23:51:59,118 MainProcess\__main__ INFO: Грузим страницу https://fgis.gost.ru/fundmetrology/cm/iaux/vri/1-400398901
2025-11-03 23:51:59,808 MainProcess\__main__ INFO: Инфо страница ОК
2025-11-03 23:51:59,808 MainProcess\__main__ INFO: Обрабатываем карточку# 56
2025-11-03 23:51:59,808 MainProcess\__main__ INFO: Грузим страницу https://fgis.gost.ru/fundmetrology/cm/iaux/vri/1-400089442
2025-11-03 23:52:00,556 MainProcess\__main__ INFO: Инфо страница ОК
2025-11-03 23:52:00,556 MainProcess\__main__ INFO: Обрабатываем карточку# 57
2025-11-03 23:52:00,556 MainProcess\__main__ INFO: Грузим страницу https://fgis.gost.ru/fundmetrology/cm/iaux/vri/1-402452412
2025-11-03 23:52:01,192 MainProcess\__main__ INFO: Инфо страница ОК
2025-11-03 23:52:01,192 MainProcess\__main__ INFO: Обрабатываем карточку# 58
2025-11-03 23:52:01,192 MainProcess\__main__ INFO: Грузим страницу https://fgis.gost.ru/fundmetrology/cm/iaux/vri/1-402452411
2025-11-03 23:52:03,207 MainProcess\__main__ INFO: Инфо страница ОК
2025-11-03 23:52:03,207 MainProcess\__main__ INFO: Обрабатываем карточку# 59
2025-11-03 23:52:03,208 MainProcess\__main__ INFO: Грузим страницу https://fgis.gost.ru/fundmetrology/cm/iaux/vri/1-402452405
2025-11-03 23:52:03,773 MainProcess\__main__ INFO: Инфо страница ОК
2025-11-03 23:52:03,774 MainProcess\__main__ INFO: Обрабатываем карточку# 60
2025-11-03 23:52:03,774 MainProcess\__main__ INFO: Грузим страницу https://fgis.gost.ru/fundmetrology/cm/iaux/vri/1-402452406
2025-11-03 23:52:04,357 MainProcess\__main__ INFO: Инфо страница ОК
2025-11-03 23:52:04,358 MainProcess\__main__ INFO: Обрабатываем карточку# 61
2025-11-03 23:52:04,358 MainProcess\__main__ INFO: Грузим страницу https://fgis.gost.ru/fundmetrology/cm/iaux/vri/1-402452403
2025-11-03 23:52:05,294 MainProcess\__main__ INFO: Инфо страница ОК
2025-11-03 23:52:05,294 MainProcess\__main__ INFO: Обрабатываем карточку# 62
2025-11-03 23:52:05,294 MainProcess\__main__ INFO: Грузим страницу https://fgis.gost.ru/fundmetrology/cm/iaux/vri/1-402452409
2025-11-03 23:52:05,904 MainProcess\__main__ INFO: Инфо страница ОК
2025-11-03 23:52:05,904 MainProcess\__main__ INFO: Обрабатываем карточку# 63
2025-11-03 23:52:05,904 MainProcess\__main__ INFO: Грузим страницу https://fgis.gost.ru/fundmetrology/cm/iaux/vri/1-402452407
2025-11-03 23:52:06,585 MainProcess\__main__ INFO: Инфо страница ОК
2025-11-03 23:52:06,585 MainProcess\__main__ INFO: Обрабатываем карточку# 64
2025-11-03 23:52:06,585 MainProcess\__main__ INFO: Грузим страницу https://fgis.gost.ru/fundmetrology/cm/iaux/vri/1-402452331
2025-11-03 23:52:07,596 MainProcess\__main__ INFO: Инфо страница ОК
2025-11-03 23:52:07,597 MainProcess\__main__ INFO: Обрабатываем карточку# 65
2025-11-03 23:52:07,597 MainProcess\__main__ INFO: Грузим страницу https://fgis.gost.ru/fundmetrology/cm/iaux/vri/1-402452335
2025-11-03 23:52:08,346 MainProcess\__main__ INFO: Инфо страница ОК
2025-11-03 23:52:08,346 MainProcess\__main__ INFO: Обрабатываем карточку# 66
2025-11-03 23:52:08,346 MainProcess\__main__ INFO: Грузим страницу https://fgis.gost.ru/fundmetrology/cm/iaux/vri/1-402452336
2025-11-03 23:52:09,093 MainProcess\__main__ INFO: Инфо страница ОК
2025-11-03 23:52:09,094 MainProcess\__main__ INFO: Обрабатываем карточку# 67
2025-11-03 23:52:09,094 MainProcess\__main__ INFO: Грузим страницу https://fgis.gost.ru/fundmetrology/cm/iaux/vri/1-402452321
2025-11-03 23:52:09,636 MainProcess\__main__ INFO: Инфо страница ОК
2025-11-03 23:52:09,639 MainProcess\__main__ INFO: Обрабатываем карточку# 68
2025-11-03 23:52:09,639 MainProcess\__main__ INFO: Грузим страницу https://fgis.gost.ru/fundmetrology/cm/iaux/vri/1-402452322
2025-11-03 23:52:10,442 MainProcess\__main__ INFO: Инфо страница ОК
2025-11-03 23:52:10,442 MainProcess\__main__ INFO: Обрабатываем карточку# 69
2025-11-03 23:52:10,443 MainProcess\__main__ INFO: Грузим страницу https://fgis.gost.ru/fundmetrology/cm/iaux/vri/1-402452318
2025-11-03 23:52:11,198 MainProcess\__main__ INFO: Инфо страница ОК
2025-11-03 23:52:11,199 MainProcess\__main__ INFO: Обрабатываем карточку# 70
2025-11-03 23:52:11,199 MainProcess\__main__ INFO: Грузим страницу https://fgis.gost.ru/fundmetrology/cm/iaux/vri/1-402452315
2025-11-03 23:52:11,752 MainProcess\__main__ INFO: Инфо страница ОК
2025-11-03 23:52:11,752 MainProcess\__main__ INFO: Обрабатываем карточку# 71
2025-11-03 23:52:11,752 MainProcess\__main__ INFO: Грузим страницу https://fgis.gost.ru/fundmetrology/cm/iaux/vri/1-402452316
2025-11-03 23:52:12,835 MainProcess\__main__ INFO: Инфо страница ОК
2025-11-03 23:52:12,835 MainProcess\__main__ INFO: Обрабатываем карточку# 72
2025-11-03 23:52:12,835 MainProcess\__main__ INFO: Грузим страницу https://fgis.gost.ru/fundmetrology/cm/iaux/vri/1-402452319
2025-11-03 23:52:13,816 MainProcess\__main__ INFO: Инфо страница ОК
2025-11-03 23:52:13,816 MainProcess\__main__ INFO: Обрабатываем карточку# 73
2025-11-03 23:52:13,816 MainProcess\__main__ INFO: Грузим страницу https://fgis.gost.ru/fundmetrology/cm/iaux/vri/1-402452906
2025-11-03 23:52:14,493 MainProcess\__main__ INFO: Инфо страница ОК
2025-11-03 23:52:14,494 MainProcess\__main__ INFO: Обрабатываем карточку# 74
2025-11-03 23:52:14,494 MainProcess\__main__ INFO: Грузим страницу https://fgis.gost.ru/fundmetrology/cm/iaux/vri/1-405259584
2025-11-03 23:52:15,259 MainProcess\__main__ INFO: Инфо страница ОК
2025-11-03 23:52:15,260 MainProcess\__main__ INFO: Обрабатываем карточку# 75
2025-11-03 23:52:15,260 MainProcess\__main__ INFO: Грузим страницу https://fgis.gost.ru/fundmetrology/cm/iaux/vri/1-405259583
2025-11-03 23:52:18,061 MainProcess\__main__ INFO: Инфо страница ОК
2025-11-03 23:52:18,064 MainProcess\__main__ INFO: Обрабатываем карточку# 76
2025-11-03 23:52:18,064 MainProcess\__main__ INFO: Грузим страницу https://fgis.gost.ru/fundmetrology/cm/iaux/vri/1-400026463
2025-11-03 23:52:18,884 MainProcess\__main__ INFO: Инфо страница ОК
2025-11-03 23:52:18,884 MainProcess\__main__ INFO: Обрабатываем карточку# 77
2025-11-03 23:52:18,884 MainProcess\__main__ INFO: Грузим страницу https://fgis.gost.ru/fundmetrology/cm/iaux/vri/1-401610350
2025-11-03 23:52:19,582 MainProcess\__main__ INFO: Инфо страница ОК
2025-11-03 23:52:19,583 MainProcess\__main__ INFO: Обрабатываем карточку# 78
2025-11-03 23:52:19,583 MainProcess\__main__ INFO: Грузим страницу https://fgis.gost.ru/fundmetrology/cm/iaux/vri/1-401610352
2025-11-03 23:52:20,939 MainProcess\__main__ INFO: Инфо страница ОК
2025-11-03 23:52:20,939 MainProcess\__main__ INFO: Обрабатываем карточку# 79
2025-11-03 23:52:20,939 MainProcess\__main__ INFO: Грузим страницу https://fgis.gost.ru/fundmetrology/cm/iaux/vri/1-401610353
2025-11-03 23:52:21,882 MainProcess\__main__ INFO: Инфо страница ОК
2025-11-03 23:52:21,883 MainProcess\__main__ INFO: Обрабатываем карточку# 80
2025-11-03 23:52:21,884 MainProcess\__main__ INFO: Грузим страницу https://fgis.gost.ru/fundmetrology/cm/iaux/vri/1-401610341
2025-11-03 23:52:22,586 MainProcess\__main__ INFO: Инфо страница ОК
2025-11-03 23:52:22,587 MainProcess\__main__ INFO: Обрабатываем карточку# 81
2025-11-03 23:52:22,587 MainProcess\__main__ INFO: Грузим страницу https://fgis.gost.ru/fundmetrology/cm/iaux/vri/1-401610342
2025-11-03 23:52:23,363 MainProcess\__main__ INFO: Инфо страница ОК
2025-11-03 23:52:23,363 MainProcess\__main__ INFO: Обрабатываем карточку# 82
2025-11-03 23:52:23,363 MainProcess\__main__ INFO: Грузим страницу https://fgis.gost.ru/fundmetrology/cm/iaux/vri/1-401610343
2025-11-03 23:52:23,993 MainProcess\__main__ INFO: Инфо страница ОК
2025-11-03 23:52:23,993 MainProcess\__main__ INFO: Обрабатываем карточку# 83
2025-11-03 23:52:23,993 MainProcess\__main__ INFO: Грузим страницу https://fgis.gost.ru/fundmetrology/cm/iaux/vri/1-401610344
2025-11-03 23:52:24,642 MainProcess\__main__ INFO: Инфо страница ОК
2025-11-03 23:52:24,642 MainProcess\__main__ INFO: Обрабатываем карточку# 84
2025-11-03 23:52:24,642 MainProcess\__main__ INFO: Грузим страницу https://fgis.gost.ru/fundmetrology/cm/iaux/vri/1-401610347
2025-11-03 23:52:25,232 MainProcess\__main__ INFO: Инфо страница ОК
2025-11-03 23:52:25,238 MainProcess\__main__ INFO: Обрабатываем карточку# 85
2025-11-03 23:52:25,239 MainProcess\__main__ INFO: Грузим страницу https://fgis.gost.ru/fundmetrology/cm/iaux/vri/1-401610348
2025-11-03 23:52:25,930 MainProcess\__main__ INFO: Инфо страница ОК
2025-11-03 23:52:25,931 MainProcess\__main__ INFO: Обрабатываем карточку# 86
2025-11-03 23:52:25,931 MainProcess\__main__ INFO: Грузим страницу https://fgis.gost.ru/fundmetrology/cm/iaux/vri/1-401610349
2025-11-03 23:52:26,648 MainProcess\__main__ INFO: Инфо страница ОК
2025-11-03 23:52:26,648 MainProcess\__main__ INFO: Обрабатываем карточку# 87
2025-11-03 23:52:26,648 MainProcess\__main__ INFO: Грузим страницу https://fgis.gost.ru/fundmetrology/cm/iaux/vri/1-400228314
2025-11-03 23:52:27,262 MainProcess\__main__ INFO: Инфо страница ОК
2025-11-03 23:52:27,262 MainProcess\__main__ INFO: Обрабатываем карточку# 88
2025-11-03 23:52:27,262 MainProcess\__main__ INFO: Грузим страницу https://fgis.gost.ru/fundmetrology/cm/iaux/vri/1-401837671
2025-11-03 23:52:27,853 MainProcess\__main__ INFO: Инфо страница ОК
2025-11-03 23:52:27,853 MainProcess\__main__ INFO: Обрабатываем карточку# 89
2025-11-03 23:52:27,853 MainProcess\__main__ INFO: Грузим страницу https://fgis.gost.ru/fundmetrology/cm/iaux/vri/1-401837355
2025-11-03 23:52:28,600 MainProcess\__main__ INFO: Инфо страница ОК
2025-11-03 23:52:28,601 MainProcess\__main__ INFO: Обрабатываем карточку# 90
2025-11-03 23:52:28,601 MainProcess\__main__ INFO: Грузим страницу https://fgis.gost.ru/fundmetrology/cm/iaux/vri/1-416022223
2025-11-03 23:52:29,331 MainProcess\__main__ INFO: Инфо страница ОК
2025-11-03 23:52:29,331 MainProcess\__main__ INFO: Обрабатываем карточку# 91
2025-11-03 23:52:29,331 MainProcess\__main__ INFO: Грузим страницу https://fgis.gost.ru/fundmetrology/cm/iaux/vri/1-405116662
2025-11-03 23:52:30,084 MainProcess\__main__ INFO: Инфо страница ОК
2025-11-03 23:52:30,084 MainProcess\__main__ INFO: Обрабатываем карточку# 92
2025-11-03 23:52:30,084 MainProcess\__main__ INFO: Грузим страницу https://fgis.gost.ru/fundmetrology/cm/iaux/vri/1-405116661
2025-11-03 23:52:31,030 MainProcess\__main__ INFO: Инфо страница ОК
2025-11-03 23:52:31,030 MainProcess\__main__ INFO: Обрабатываем карточку# 93
2025-11-03 23:52:31,030 MainProcess\__main__ INFO: Грузим страницу https://fgis.gost.ru/fundmetrology/cm/iaux/vri/1-405261284
2025-11-03 23:52:31,762 MainProcess\__main__ INFO: Инфо страница ОК
2025-11-03 23:52:31,762 MainProcess\__main__ INFO: Обрабатываем карточку# 94
2025-11-03 23:52:31,762 MainProcess\__main__ INFO: Грузим страницу https://fgis.gost.ru/fundmetrology/cm/iaux/vri/1-405261285
2025-11-03 23:52:32,534 MainProcess\__main__ INFO: Инфо страница ОК
2025-11-03 23:52:32,534 MainProcess\__main__ INFO: Обрабатываем карточку# 95
2025-11-03 23:52:32,534 MainProcess\__main__ INFO: Грузим страницу https://fgis.gost.ru/fundmetrology/cm/iaux/vri/1-405261286
2025-11-03 23:52:33,130 MainProcess\__main__ INFO: Инфо страница ОК
2025-11-03 23:52:33,130 MainProcess\__main__ INFO: Обрабатываем карточку# 96
2025-11-03 23:52:33,130 MainProcess\__main__ INFO: Грузим страницу https://fgis.gost.ru/fundmetrology/cm/iaux/vri/1-410125127
2025-11-03 23:52:33,748 MainProcess\__main__ INFO: Инфо страница ОК
2025-11-03 23:52:33,749 MainProcess\__main__ INFO: Обрабатываем карточку# 97
2025-11-03 23:52:33,749 MainProcess\__main__ INFO: Грузим страницу https://fgis.gost.ru/fundmetrology/cm/iaux/vri/1-410125126
2025-11-03 23:52:34,380 MainProcess\__main__ INFO: Инфо страница ОК
2025-11-03 23:52:34,381 MainProcess\__main__ INFO: Обрабатываем карточку# 98
2025-11-03 23:52:34,381 MainProcess\__main__ INFO: Грузим страницу https://fgis.gost.ru/fundmetrology/cm/iaux/vri/1-410125124
2025-11-03 23:52:34,992 MainProcess\__main__ INFO: Инфо страница ОК
2025-11-03 23:52:34,992 MainProcess\__main__ INFO: Обрабатываем карточку# 99
2025-11-03 23:52:34,992 MainProcess\__main__ INFO: Грузим страницу https://fgis.gost.ru/fundmetrology/cm/iaux/vri/1-410125123
