2025-11-04 01:25:03,035 MainProcess\__main__ INFO: Запуск скрипта
2025-11-04 01:25:03,036 MainProcess\__main__ INFO: Ищем {|verification_year|: |2024|, |org_title|: |АО ^АПЗ^|, |mi.mititle|: |Вольтметры универсальные цифровые|, |mi.mitnumber|: ||, |mi.mitype|: ||, |mi.modification|: ||,|verification_date|: |[2024-04-01T00:00:00Z TO 2024-05-01T23:59:59Z]|}
2025-11-04 01:25:03,037 MainProcess\__main__ INFO: Пишем в pidlogargs 199865 04-11-2025-01-25.log {|verification_year|: |2024|, |org_title|: |АО ^АПЗ^|, |mi.mititle|: |Вольтметры универсальные цифровые|, |mi.mitnumber|: ||, |mi.mitype|: ||, |mi.modification|: ||,|verification_date|: |[2024-04-01T00:00:00Z TO 2024-05-01T23:59:59Z]|}
2025-11-04 01:25:04,814 MainProcess\__main__ INFO: Главная страница ОК
2025-11-04 01:25:05,819 MainProcess\__main__ INFO: Общее кол-во результатов 37
2025-11-04 01:25:05,821 MainProcess\__main__ INFO: Обрабатываем карточку# 1
2025-11-04 01:25:05,822 MainProcess\__main__ INFO: Грузим страницу https://fgis.gost.ru/fundmetrology/cm/iaux/vri/1-335730090
2025-11-04 01:25:06,903 MainProcess\__main__ INFO: Инфо страница ОК
2025-11-04 01:25:06,904 MainProcess\__main__ INFO: Обрабатываем карточку# 2
2025-11-04 01:25:06,904 MainProcess\__main__ INFO: Грузим страницу https://fgis.gost.ru/fundmetrology/cm/iaux/vri/1-335730087
2025-11-04 01:25:07,678 MainProcess\__main__ INFO: Инфо страница ОК
2025-11-04 01:25:07,679 MainProcess\__main__ INFO: Обрабатываем карточку# 3
2025-11-04 01:25:07,679 MainProcess\__main__ INFO: Грузим страницу https://fgis.gost.ru/fundmetrology/cm/iaux/vri/1-335018722
2025-11-04 01:25:08,469 MainProcess\__main__ INFO: Инфо страница ОК
2025-11-04 01:25:08,470 MainProcess\__main__ INFO: Обрабатываем карточку# 4
2025-11-04 01:25:08,470 MainProcess\__main__ INFO: Грузим страницу https://fgis.gost.ru/fundmetrology/cm/iaux/vri/1-334474319
2025-11-04 01:25:09,117 MainProcess\__main__ INFO: Инфо страница ОК
2025-11-04 01:25:09,117 MainProcess\__main__ INFO: Обрабатываем карточку# 5
2025-11-04 01:25:09,117 MainProcess\__main__ INFO: Грузим страницу https://fgis.gost.ru/fundmetrology/cm/iaux/vri/1-334543689
2025-11-04 01:25:10,025 MainProcess\__main__ INFO: Инфо страница ОК
2025-11-04 01:25:10,025 MainProcess\__main__ INFO: Обрабатываем карточку# 6
2025-11-04 01:25:10,025 MainProcess\__main__ INFO: Грузим страницу https://fgis.gost.ru/fundmetrology/cm/iaux/vri/1-333892921
2025-11-04 01:25:11,085 MainProcess\__main__ INFO: Инфо страница ОК
2025-11-04 01:25:11,085 MainProcess\__main__ INFO: Обрабатываем карточку# 7
2025-11-04 01:25:11,085 MainProcess\__main__ INFO: Грузим страницу https://fgis.gost.ru/fundmetrology/cm/iaux/vri/1-333944093
2025-11-04 01:25:12,077 MainProcess\__main__ INFO: Инфо страница ОК
2025-11-04 01:25:12,078 MainProcess\__main__ INFO: Обрабатываем карточку# 8
2025-11-04 01:25:12,078 MainProcess\__main__ INFO: Грузим страницу https://fgis.gost.ru/fundmetrology/cm/iaux/vri/1-333893095
2025-11-04 01:25:12,780 MainProcess\__main__ INFO: Инфо страница ОК
2025-11-04 01:25:12,780 MainProcess\__main__ INFO: Обрабатываем карточку# 9
2025-11-04 01:25:12,780 MainProcess\__main__ INFO: Грузим страницу https://fgis.gost.ru/fundmetrology/cm/iaux/vri/1-333685662
2025-11-04 01:25:13,598 MainProcess\__main__ INFO: Инфо страница ОК
2025-11-04 01:25:13,598 MainProcess\__main__ INFO: Обрабатываем карточку# 10
2025-11-04 01:25:13,598 MainProcess\__main__ INFO: Грузим страницу https://fgis.gost.ru/fundmetrology/cm/iaux/vri/1-333521545
2025-11-04 01:25:14,361 MainProcess\__main__ INFO: Инфо страница ОК
2025-11-04 01:25:14,362 MainProcess\__main__ INFO: Обрабатываем карточку# 11
2025-11-04 01:25:14,362 MainProcess\__main__ INFO: Грузим страницу https://fgis.gost.ru/fundmetrology/cm/iaux/vri/1-333523932
2025-11-04 01:25:15,095 MainProcess\__main__ INFO: Инфо страница ОК
2025-11-04 01:25:15,095 MainProcess\__main__ INFO: Обрабатываем карточку# 12
2025-11-04 01:25:15,095 MainProcess\__main__ INFO: Грузим страницу https://fgis.gost.ru/fundmetrology/cm/iaux/vri/1-333390623
2025-11-04 01:25:15,743 MainProcess\__main__ INFO: Инфо страница ОК
2025-11-04 01:25:15,743 MainProcess\__main__ INFO: Обрабатываем карточку# 13
2025-11-04 01:25:15,744 MainProcess\__main__ INFO: Грузим страницу https://fgis.gost.ru/fundmetrology/cm/iaux/vri/1-333174944
2025-11-04 01:25:17,740 MainProcess\__main__ INFO: Инфо страница ОК
2025-11-04 01:25:17,740 MainProcess\__main__ INFO: Обрабатываем карточку# 14
2025-11-04 01:25:17,740 MainProcess\__main__ INFO: Грузим страницу https://fgis.gost.ru/fundmetrology/cm/iaux/vri/1-333199699
2025-11-04 01:25:18,590 MainProcess\__main__ INFO: Инфо страница ОК
2025-11-04 01:25:18,591 MainProcess\__main__ INFO: Обрабатываем карточку# 15
2025-11-04 01:25:18,591 MainProcess\__main__ INFO: Грузим страницу https://fgis.gost.ru/fundmetrology/cm/iaux/vri/1-332943532
2025-11-04 01:25:19,282 MainProcess\__main__ INFO: Инфо страница ОК
2025-11-04 01:25:19,282 MainProcess\__main__ INFO: Обрабатываем карточку# 16
2025-11-04 01:25:19,283 MainProcess\__main__ INFO: Грузим страницу https://fgis.gost.ru/fundmetrology/cm/iaux/vri/1-332943930
2025-11-04 01:25:19,965 MainProcess\__main__ INFO: Инфо страница ОК
2025-11-04 01:25:19,967 MainProcess\__main__ INFO: Обрабатываем карточку# 17
2025-11-04 01:25:19,968 MainProcess\__main__ INFO: Грузим страницу https://fgis.gost.ru/fundmetrology/cm/iaux/vri/1-332963409
2025-11-04 01:25:20,615 MainProcess\__main__ INFO: Инфо страница ОК
2025-11-04 01:25:20,616 MainProcess\__main__ INFO: Обрабатываем карточку# 18
2025-11-04 01:25:20,616 MainProcess\__main__ INFO: Грузим страницу https://fgis.gost.ru/fundmetrology/cm/iaux/vri/1-332815355
2025-11-04 01:25:21,463 MainProcess\__main__ INFO: Инфо страница ОК
2025-11-04 01:25:21,464 MainProcess\__main__ INFO: Обрабатываем карточку# 19
2025-11-04 01:25:21,464 MainProcess\__main__ INFO: Грузим страницу https://fgis.gost.ru/fundmetrology/cm/iaux/vri/1-332815450
2025-11-04 01:25:22,160 MainProcess\__main__ INFO: Инфо страница ОК
2025-11-04 01:25:22,161 MainProcess\__main__ INFO: Обрабатываем карточку# 20
2025-11-04 01:25:22,161 MainProcess\__main__ INFO: Грузим страницу https://fgis.gost.ru/fundmetrology/cm/iaux/vri/1-331865817
2025-11-04 01:25:22,826 MainProcess\__main__ INFO: Инфо страница ОК
2025-11-04 01:25:22,826 MainProcess\__main__ INFO: Обрабатываем карточку# 21
2025-11-04 01:25:22,827 MainProcess\__main__ INFO: Грузим страницу https://fgis.gost.ru/fundmetrology/cm/iaux/vri/1-331864760
